# JRE version: Java(TM) SE Runtime Environment (17.0.4+11) (build 17.0.4+11-LTS-179)
# Java VM: Java HotSpot(TM) 64-Bit Server VM (17.0.4+11-LTS-179, mixed mode, emulated-client, sharing, tiered, compressed oops, compressed class ptrs, g1 gc, windows-amd64)
GC Precious Log:
 CPUs: 8 total, 8 available
 Memory: 24433M
 Large Page Support: Disabled
 NUMA Support: Disabled
 Compressed Oops: Enabled (Zero based)
 Heap Region Size: 4M
 Heap Min Capacity: 8M
 Heap Initial Capacity: 384M
 Heap Max Capacity: 6112M
 Pre-touch: Disabled
 Parallel Workers: 8
 Concurrent Workers: 2
 Concurrent Refinement Workers: 8
 Periodic GC: Disabled
Heap:
 garbage-first heap   total 69632K, used 37056K [0x0000000682000000, 0x0000000800000000)
  region size 4096K, 7 young (28672K), 1 survivors (4096K)
 Metaspace       used 29747K, committed 30272K, reserved 1081344K
  class space    used 4057K, committed 4288K, reserved 1048576K
GC Heap History (12 events):
Event: 1.064 GC heap before
{Heap before GC invocations=0 (full 0):
 garbage-first heap   total 393216K, used 20480K [0x0000000682000000, 0x0000000800000000)
  region size 4096K, 5 young (20480K), 0 survivors (0K)
 Metaspace       used 6064K, committed 6272K, reserved 1056768K
  class space    used 751K, committed 832K, reserved 1048576K
}
Event: 1.069 GC heap after
{Heap after GC invocations=1 (full 0):
 garbage-first heap   total 393216K, used 6465K [0x0000000682000000, 0x0000000800000000)
  region size 4096K, 1 young (4096K), 1 survivors (4096K)
 Metaspace       used 6064K, committed 6272K, reserved 1056768K
  class space    used 751K, committed 832K, reserved 1048576K
}
Event: 1.291 GC heap before
{Heap before GC invocations=1 (full 0):
 garbage-first heap   total 393216K, used 22849K [0x0000000682000000, 0x0000000800000000)
  region size 4096K, 5 young (20480K), 1 survivors (4096K)
 Metaspace       used 9484K, committed 9728K, reserved 1064960K
  class space    used 1254K, committed 1344K, reserved 1048576K
}
Event: 1.294 GC heap after
{Heap after GC invocations=2 (full 0):
 garbage-first heap   total 393216K, used 7987K [0x0000000682000000, 0x0000000800000000)
  region size 4096K, 1 young (4096K), 1 survivors (4096K)
 Metaspace       used 9484K, committed 9728K, reserved 1064960K
  class space    used 1254K, committed 1344K, reserved 1048576K
}
Event: 1.802 GC heap before
{Heap before GC invocations=2 (full 0):
 garbage-first heap   total 393216K, used 57139K [0x0000000682000000, 0x0000000800000000)
  region size 4096K, 13 young (53248K), 1 survivors (4096K)
 Metaspace       used 17513K, committed 17792K, reserved 1064960K
  class space    used 2337K, committed 2432K, reserved 1048576K
}
Event: 1.805 GC heap after
{Heap after GC invocations=3 (full 0):
 garbage-first heap   total 393216K, used 10857K [0x0000000682000000, 0x0000000800000000)
  region size 4096K, 2 young (8192K), 2 survivors (8192K)
 Metaspace       used 17513K, committed 17792K, reserved 1064960K
  class space    used 2337K, committed 2432K, reserved 1048576K
}
Event: 2.329 GC heap before
{Heap before GC invocations=3 (full 0):
 garbage-first heap   total 393216K, used 39529K [0x0000000682000000, 0x0000000800000000)
  region size 4096K, 10 young (40960K), 2 survivors (8192K)
 Metaspace       used 21117K, committed 21504K, reserved 1073152K
  class space    used 2859K, committed 3008K, reserved 1048576K
}
Event: 2.332 GC heap after
{Heap after GC invocations=4 (full 0):
 garbage-first heap   total 393216K, used 12467K [0x0000000682000000, 0x0000000800000000)
  region size 4096K, 2 young (8192K), 2 survivors (8192K)
 Metaspace       used 21117K, committed 21504K, reserved 1073152K
  class space    used 2859K, committed 3008K, reserved 1048576K
}
Event: 2.922 GC heap before
{Heap before GC invocations=5 (full 0):
 garbage-first heap   total 69632K, used 45235K [0x0000000682000000, 0x0000000800000000)
  region size 4096K, 11 young (45056K), 2 survivors (8192K)
 Metaspace       used 25708K, committed 26112K, reserved 1073152K
  class space    used 3520K, committed 3712K, reserved 1048576K
}
Event: 2.929 GC heap after
{Heap after GC invocations=6 (full 0):
 garbage-first heap   total 69632K, used 15685K [0x0000000682000000, 0x0000000800000000)
  region size 4096K, 3 young (12288K), 3 survivors (12288K)
 Metaspace       used 25708K, committed 26112K, reserved 1073152K
  class space    used 3520K, committed 3712K, reserved 1048576K
}
Event: 3.008 GC heap before
{Heap before GC invocations=6 (full 0):
 garbage-first heap   total 69632K, used 19781K [0x0000000682000000, 0x0000000800000000)
  region size 4096K, 4 young (16384K), 3 survivors (12288K)
 Metaspace       used 26404K, committed 26880K, reserved 1073152K
  class space    used 3617K, committed 3840K, reserved 1048576K
}
Event: 3.014 GC heap after
{Heap after GC invocations=7 (full 0):
 garbage-first heap   total 69632K, used 16576K [0x0000000682000000, 0x0000000800000000)
  region size 4096K, 1 young (4096K), 1 survivors (4096K)
 Metaspace       used 26404K, committed 26880K, reserved 1073152K
  class space    used 3617K, committed 3840K, reserved 1048576K
}

